TN:
SF:src\App.vue
FN:10,(anonymous_0)
FN:17,logout
FN:26,signedIn
FN:44,(anonymous_3)
FN:51,(anonymous_4)
FN:54,(anonymous_5)
FN:59,(anonymous_6)
FN:77,(anonymous_7)
FNF:8
FNH:8
FNDA:2,(anonymous_0)
FNDA:2,logout
FNDA:1,signedIn
FNDA:1,(anonymous_3)
FNDA:88,(anonymous_4)
FNDA:2,(anonymous_5)
FNDA:1,(anonymous_6)
FNDA:1,(anonymous_7)
DA:7,2
DA:8,2
DA:9,2
DA:10,2
DA:11,2
DA:12,2
DA:14,1
DA:18,2
DA:19,2
DA:20,1
DA:21,1
DA:23,1
DA:27,1
DA:28,1
DA:40,1
DA:44,1
DA:47,1
DA:48,1
DA:50,88
DA:54,2
DA:59,1
DA:72,1
DA:77,1
LF:23
LH:23
BRDA:33,0,0,11
BRDA:33,0,1,2
BRDA:41,1,0,4
BRDA:41,1,1,7
BRDA:44,2,0,7
BRDA:44,2,1,2
BRDA:49,3,0,11
BRDA:49,3,1,2
BRDA:58,4,0,11
BRDA:58,4,1,2
BRDA:59,5,0,11
BRDA:59,5,1,2
BRDA:64,6,0,1
BRDA:65,7,0,1
BRDA:65,7,1,10
BRDA:66,8,0,3
BRDA:66,8,1,7
BRDA:70,9,0,7
BRDA:70,9,1,2
BRDA:73,10,0,4
BRDA:74,11,0,4
BRDA:74,11,1,2
BRDA:75,12,0,4
BRDA:75,12,1,2
BRDA:76,13,0,4
BRDA:76,13,1,2
BRDA:77,14,0,4
BRDA:77,14,1,2
BRDA:82,15,0,11
BRDA:82,15,1,2
BRF:30
BRH:30
end_of_record
TN:
SF:src\AuthForm.vue
FN:10,toggleMode
FN:14,submit
FN:38,(anonymous_2)
FN:46,(anonymous_3)
FNF:4
FNH:4
FNDA:2,toggleMode
FNDA:3,submit
FNDA:1,(anonymous_2)
FNDA:2,(anonymous_3)
DA:4,2
DA:5,2
DA:6,2
DA:7,2
DA:8,2
DA:9,2
DA:11,2
DA:12,2
DA:15,3
DA:16,3
DA:17,3
DA:18,3
DA:19,3
DA:20,2
DA:21,2
DA:22,2
DA:24,1
DA:26,3
DA:31,13
DA:38,1
DA:46,2
LF:21
LH:21
BRDA:19,0,0,2
BRDA:19,0,1,1
BRDA:32,1,0,13
BRDA:32,1,1,2
BRDA:33,2,0,6
BRDA:33,2,1,7
BRDA:34,3,0,13
BRDA:34,3,1,2
BRDA:37,4,0,13
BRDA:37,4,1,2
BRDA:38,5,0,13
BRDA:38,5,1,2
BRDA:45,6,0,13
BRDA:45,6,1,2
BRDA:46,7,0,13
BRDA:46,7,1,2
BRDA:49,8,0,6
BRDA:49,8,1,7
BRDA:54,9,0,1
BRDA:56,10,0,3
BRDA:56,10,1,10
BRDA:56,11,0,4
BRDA:56,11,1,6
BRDA:60,12,0,6
BRDA:60,12,1,7
BRF:25
BRH:25
end_of_record
TN:
SF:src\Concerts.vue
FN:15,(anonymous_0)
FN:15,(anonymous_1)
FN:16,(anonymous_2)
FN:16,(anonymous_3)
FN:18,loadEvents
FN:21,(anonymous_5)
FN:27,loadSeats
FN:42,(anonymous_7)
FN:42,(anonymous_8)
FN:48,occupied
FN:49,(anonymous_10)
FN:51,choose
FN:53,(anonymous_12)
FN:56,reserve
FN:71,cancel
FN:93,(anonymous_15)
FN:95,(anonymous_16)
FN:108,(anonymous_17)
FN:121,(anonymous_18)
FN:138,(anonymous_19)
FN:140,(anonymous_20)
FNF:21
FNH:20
FNDA:16,(anonymous_0)
FNDA:7,(anonymous_1)
FNDA:19,(anonymous_2)
FNDA:3,(anonymous_3)
FNDA:9,loadEvents
FNDA:7,(anonymous_5)
FNDA:10,loadSeats
FNDA:15,(anonymous_7)
FNDA:7,(anonymous_8)
FNDA:360,occupied
FNDA:114,(anonymous_10)
FNDA:4,choose
FNDA:1,(anonymous_12)
FNDA:2,reserve
FNDA:2,cancel
FNDA:0,(anonymous_15)
FNDA:33,(anonymous_16)
FNDA:198,(anonymous_17)
FNDA:4,(anonymous_18)
FNDA:7,(anonymous_19)
FNDA:2,(anonymous_20)
DA:6,8
DA:7,8
DA:8,8
DA:9,8
DA:10,8
DA:11,8
DA:12,8
DA:13,8
DA:14,8
DA:15,16
DA:16,19
DA:17,8
DA:19,9
DA:20,9
DA:21,8
DA:22,7
DA:24,1
DA:28,10
DA:29,10
DA:30,10
DA:31,10
DA:32,10
DA:33,10
DA:34,10
DA:35,9
DA:37,1
DA:39,10
DA:42,15
DA:43,7
DA:44,7
DA:45,7
DA:47,8
DA:49,360
DA:52,4
DA:53,1
DA:57,2
DA:58,2
DA:59,2
DA:60,2
DA:61,2
DA:62,1
DA:63,1
DA:65,1
DA:66,1
DA:68,2
DA:72,2
DA:73,2
DA:74,2
DA:75,2
DA:76,1
DA:77,1
DA:79,1
DA:81,2
DA:86,43
DA:93,0
DA:95,33
DA:103,1
DA:107,198
DA:121,4
DA:130,1
DA:138,7
DA:140,2
LF:62
LH:61
BRDA:21,0,0,7
BRDA:21,0,1,1
BRDA:22,1,0,6
BRDA:22,1,1,1
BRDA:31,2,0,0
BRDA:31,2,1,10
BRDA:35,3,0,9
BRDA:35,3,1,0
BRDA:37,4,0,1
BRDA:37,4,1,0
BRDA:39,5,0,10
BRDA:39,5,1,0
BRDA:52,6,0,1
BRDA:52,6,1,3
BRDA:87,7,0,43
BRDA:87,7,1,8
BRDA:88,8,0,43
BRDA:88,8,1,8
BRDA:89,9,0,43
BRDA:89,9,1,8
BRDA:90,10,0,6
BRDA:91,11,0,7
BRDA:93,12,0,43
BRDA:93,12,1,8
BRDA:93,13,0,43
BRDA:93,13,1,8
BRDA:94,14,0,43
BRDA:94,14,1,8
BRDA:100,15,0,10
BRDA:101,16,0,33
BRDA:102,17,0,6
BRDA:104,18,0,33
BRDA:104,18,1,6
BRDA:105,19,0,10
BRDA:114,20,0,198
BRDA:114,20,1,162
BRDA:114,20,2,152
BRDA:114,20,3,98
BRDA:114,20,4,74
BRDA:114,20,5,71
BRDA:126,21,0,33
BRDA:126,21,1,6
BRDA:131,22,0,33
BRDA:131,22,1,6
BRDA:132,23,0,33
BRDA:132,23,1,5
BRDA:132,23,2,3
BRDA:136,24,0,7
BRDA:137,25,0,7
BRDA:137,25,1,2
BRDA:143,26,0,4
BRF:51
BRH:47
end_of_record
TN:
SF:src\EventAdmin.vue
FN:13,edit
FN:21,reset
FN:28,save
FN:50,remove
FN:70,(anonymous_4)
FN:72,(anonymous_5)
FN:73,(anonymous_6)
FN:77,(anonymous_7)
FN:78,(anonymous_8)
FN:82,(anonymous_9)
FN:90,(anonymous_10)
FNF:11
FNH:9
FNDA:3,edit
FNDA:4,reset
FNDA:3,save
FNDA:3,remove
FNDA:21,(anonymous_4)
FNDA:3,(anonymous_5)
FNDA:3,(anonymous_6)
FNDA:2,(anonymous_7)
FNDA:2,(anonymous_8)
FNDA:0,(anonymous_9)
FNDA:0,(anonymous_10)
DA:5,2
DA:6,2
DA:7,2
DA:8,2
DA:9,2
DA:10,2
DA:11,2
DA:12,2
DA:14,3
DA:15,3
DA:16,3
DA:17,3
DA:18,3
DA:19,3
DA:22,4
DA:23,4
DA:24,4
DA:25,4
DA:26,4
DA:29,3
DA:30,3
DA:31,3
DA:32,3
DA:42,2
DA:43,2
DA:45,1
DA:47,3
DA:51,3
DA:52,2
DA:53,2
DA:54,2
DA:55,2
DA:56,1
DA:57,1
DA:59,1
DA:61,2
DA:66,22
DA:70,21
DA:72,3
DA:73,3
DA:77,2
DA:78,2
DA:79,1
DA:82,0
DA:90,0
LF:45
LH:43
BRDA:33,0,0,1
BRDA:33,0,1,2
BRDA:34,1,0,1
BRDA:34,1,1,2
BRDA:51,2,0,1
BRDA:51,2,1,2
BRDA:56,3,0,1
BRDA:56,3,1,0
BRDA:67,4,0,22
BRDA:67,4,1,2
BRDA:68,5,0,22
BRDA:68,5,1,2
BRDA:69,6,0,3
BRDA:76,7,0,5
BRDA:76,7,1,17
BRDA:77,8,0,22
BRDA:77,8,1,2
BRDA:77,9,0,22
BRDA:77,9,1,2
BRDA:78,10,0,22
BRDA:78,10,1,2
BRDA:78,11,0,22
BRDA:78,11,1,2
BRDA:81,12,0,22
BRDA:81,12,1,2
BRDA:82,13,0,22
BRDA:82,13,1,2
BRDA:89,14,0,22
BRDA:89,14,1,2
BRDA:90,15,0,22
BRDA:90,15,1,2
BRDA:99,16,0,5
BRF:32
BRH:31
end_of_record
TN:
SF:src\api.js
FN:1,api
FN:10,(anonymous_1)
FNF:2
FNH:2
FNDA:5,api
FNDA:1,(anonymous_1)
DA:2,5
DA:8,5
DA:10,1
DA:11,5
DA:12,2
LF:5
LH:5
BRDA:1,0,0,5
BRDA:5,1,0,4
BRDA:5,1,1,1
BRDA:6,2,0,4
BRDA:6,2,1,1
BRDA:11,3,0,3
BRDA:11,3,1,2
BRDA:11,4,0,3
BRDA:11,4,1,1
BRF:9
BRH:9
end_of_record
TN:
SF:src\pages.js
FN:12,seatLabel
FNF:1
FNH:1
FNDA:206,seatLabel
DA:1,2
DA:13,206
LF:2
LH:2
BRF:0
BRH:0
end_of_record
